Using pre-set license
Built from '2020.3/staging' branch; Version is '2020.3.21f1 (a38c86f6690f) revision 10718342'; Using compiler version '192528614'; Build Type 'Release'
OS: 'Windows 10 Pro; OS build 19044.1586; Version 2009; 64bit' Language: 'en' Physical Memory: 32706 MB
BatchMode: 1, IsHumanControllingUs: 0, StartBugReporterOnCrash: 0, Is64bit: 1, IsPro: 0

COMMAND LINE ARGUMENTS:
C:\Program Files\Unity\Hub\Editor\2020.3.21f1\Editor\Unity.exe
-adb2
-batchMode
-noUpm
-name
AssetImportWorker0
-projectPath
C:/Users/brent/Documents/GitHub/Citrus-Hack/Grow-Your-Potential
-logFile
Logs/AssetImportWorker0.log
-srvPort
54634
Successfully changed project path to: C:/Users/brent/Documents/GitHub/Citrus-Hack/Grow-Your-Potential
C:/Users/brent/Documents/GitHub/Citrus-Hack/Grow-Your-Potential
Using Asset Import Pipeline V2.
Refreshing native plugins compatible for Editor in 34.17 ms, found 3 plugins.
Preloading 0 native plugins for Editor in 0.00 ms.
Initialize engine version: 2020.3.21f1 (a38c86f6690f)
[Subsystems] Discovering subsystems at path C:/Program Files/Unity/Hub/Editor/2020.3.21f1/Editor/Data/Resources/UnitySubsystems
[Subsystems] Discovering subsystems at path C:/Users/brent/Documents/GitHub/Citrus-Hack/Grow-Your-Potential/Assets
GfxDevice: creating device client; threaded=0
Direct3D:
    Version:  Direct3D 11.0 [level 11.1]
    Renderer: AMD Radeon RX 6900 XT (ID=0x73bf)
    Vendor:   
    VRAM:     16338 MB
    Driver:   30.0.13025.5005
Initialize mono
Mono path[0] = 'C:/Program Files/Unity/Hub/Editor/2020.3.21f1/Editor/Data/Managed'
Mono path[1] = 'C:/Program Files/Unity/Hub/Editor/2020.3.21f1/Editor/Data/MonoBleedingEdge/lib/mono/unityjit'
Mono config path = 'C:/Program Files/Unity/Hub/Editor/2020.3.21f1/Editor/Data/MonoBleedingEdge/etc'
Using monoOptions --debugger-agent=transport=dt_socket,embedding=1,server=y,suspend=n,address=127.0.0.1:56880
Begin MonoManager ReloadAssembly
Registering precompiled unity dll's ...
Register platform support module: C:/Program Files/Unity/Hub/Editor/2020.3.21f1/Editor/Data/PlaybackEngines/WindowsStandaloneSupport/UnityEditor.WindowsStandalone.Extensions.dll
Registered in 0.001820 seconds.
Native extension for WindowsStandalone target not found
Refreshing native plugins compatible for Editor in 30.07 ms, found 3 plugins.
Preloading 0 native plugins for Editor in 0.00 ms.
Mono: successfully reloaded assembly
- Completed reload, in  0.767 seconds
Domain Reload Profiling:
	ReloadAssembly (767ms)
		BeginReloadAssembly (41ms)
			ExecutionOrderSort (0ms)
			DisableScriptedObjects (0ms)
			BackupInstance (0ms)
			ReleaseScriptingObjects (0ms)
			CreateAndSetChildDomain (1ms)
		EndReloadAssembly (291ms)
			LoadAssemblies (39ms)
			RebuildTransferFunctionScriptingTraits (0ms)
			SetupTypeCache (90ms)
			ReleaseScriptCaches (0ms)
			RebuildScriptCaches (18ms)
			SetupLoadedEditorAssemblies (118ms)
				LogAssemblyErrors (0ms)
				InitializePlatformSupportModulesInManaged (3ms)
				SetLoadedEditorAssemblies (0ms)
				RefreshPlugins (30ms)
				BeforeProcessingInitializeOnLoad (11ms)
				ProcessInitializeOnLoadAttributes (56ms)
				ProcessInitializeOnLoadMethodAttributes (18ms)
				AfterProcessingInitializeOnLoad (0ms)
				EditorAssembliesLoaded (0ms)
			ExecutionOrderSort2 (0ms)
			AwakeInstancesAfterBackupRestoration (0ms)
Platform modules already initialized, skipping
Registering precompiled user dll's ...
Registered in 0.004322 seconds.
Begin MonoManager ReloadAssembly
Symbol file data-0000024A7DDBDE50 doesn't match image C:\Users\brent\Documents\GitHub\Citrus-Hack\Grow-Your-Potential\Library\ScriptAssemblies\Unity.2D.Animation.Editor.dll
Symbol file LoadedFromMemory is not a mono symbol file
Symbol file data-0000024A79C4B420 doesn't match image C:\Users\brent\Documents\GitHub\Citrus-Hack\Grow-Your-Potential\Library\ScriptAssemblies\Unity.InternalAPIEngineBridge.001.dll
Symbol file LoadedFromMemory is not a mono symbol file
Symbol file data-0000024A7E8006C0 doesn't match image C:\Users\brent\Documents\GitHub\Citrus-Hack\Grow-Your-Potential\Library\ScriptAssemblies\Unity.VSCode.Editor.dll
Symbol file LoadedFromMemory is not a mono symbol file
Symbol file data-0000024A7CDDA060 doesn't match image C:\Users\brent\Documents\GitHub\Citrus-Hack\Grow-Your-Potential\Library\ScriptAssemblies\Unity.2D.PixelPerfect.dll
Symbol file LoadedFromMemory is not a mono symbol file
Symbol file data-0000024A79D61020 doesn't match image C:\Users\brent\Documents\GitHub\Citrus-Hack\Grow-Your-Potential\Library\ScriptAssemblies\Unity.2D.Tilemap.Editor.dll
Symbol file LoadedFromMemory is not a mono symbol file
Symbol file data-0000024A7DDE2A60 doesn't match image C:\Users\brent\Documents\GitHub\Citrus-Hack\Grow-Your-Potential\Library\ScriptAssemblies\PsdPlugin.dll
Symbol file LoadedFromMemory is not a mono symbol file
Symbol file data-0000024A79D74230 doesn't match image C:\Users\brent\Documents\GitHub\Citrus-Hack\Grow-Your-Potential\Library\ScriptAssemblies\Unity.TextMeshPro.Editor.dll
Symbol file LoadedFromMemory is not a mono symbol file
Symbol file data-0000024A7CD33020 doesn't match image C:\Users\brent\Documents\GitHub\Citrus-Hack\Grow-Your-Potential\Library\ScriptAssemblies\Unity.VisualStudio.Editor.dll
Symbol file LoadedFromMemory is not a mono symbol file
Symbol file data-0000024A7D0D8230 doesn't match image C:\Users\brent\Documents\GitHub\Citrus-Hack\Grow-Your-Potential\Library\ScriptAssemblies\UnityEngine.TestRunner.dll
Symbol file LoadedFromMemory is not a mono symbol file
Symbol file data-0000024A79D89640 doesn't match image C:\Users\brent\Documents\GitHub\Citrus-Hack\Grow-Your-Potential\Library\ScriptAssemblies\Unity.Timeline.dll
Symbol file LoadedFromMemory is not a mono symbol file
Symbol file data-0000024A7D0F5020 doesn't match image C:\Users\brent\Documents\GitHub\Citrus-Hack\Grow-Your-Potential\Library\ScriptAssemblies\Unity.TextMeshPro.dll
Symbol file LoadedFromMemory is not a mono symbol file
Symbol file data-0000024A7D124830 doesn't match image C:\Users\brent\Documents\GitHub\Citrus-Hack\Grow-Your-Potential\Library\ScriptAssemblies\UnityEditor.TestRunner.dll
Symbol file LoadedFromMemory is not a mono symbol file
Symbol file data-0000024A7E8006C0 doesn't match image C:\Users\brent\Documents\GitHub\Citrus-Hack\Grow-Your-Potential\Library\ScriptAssemblies\Unity.2D.IK.Editor.dll
Symbol file LoadedFromMemory is not a mono symbol file
Symbol file data-0000024A7D124830 doesn't match image C:\Users\brent\Documents\GitHub\Citrus-Hack\Grow-Your-Potential\Library\ScriptAssemblies\Unity.2D.Sprite.Editor.dll
Symbol file LoadedFromMemory is not a mono symbol file
Symbol file data-0000024A7CD33020 doesn't match image C:\Users\brent\Documents\GitHub\Citrus-Hack\Grow-Your-Potential\Library\ScriptAssemblies\Unity.2D.Psdimporter.Editor.dll
Symbol file LoadedFromMemory is not a mono symbol file
Symbol file data-0000024A7D0D8230 doesn't match image C:\Users\brent\Documents\GitHub\Citrus-Hack\Grow-Your-Potential\Library\ScriptAssemblies\Unity.2D.Path.Editor.dll
Symbol file LoadedFromMemory is not a mono symbol file
Symbol file data-0000024A79E2DF10 doesn't match image C:\Users\brent\Documents\GitHub\Citrus-Hack\Grow-Your-Potential\Library\ScriptAssemblies\Unity.InternalAPIEditorBridge.001.dll
Symbol file LoadedFromMemory is not a mono symbol file
Symbol file data-0000024A7D2D4C40 doesn't match image C:\Users\brent\Documents\GitHub\Citrus-Hack\Grow-Your-Potential\Library\ScriptAssemblies\UnityEditor.UI.dll
Symbol file LoadedFromMemory is not a mono symbol file
Symbol file data-0000024A7D245020 doesn't match image C:\Users\brent\Documents\GitHub\Citrus-Hack\Grow-Your-Potential\Library\ScriptAssemblies\Unity.PlasticSCM.Editor.dll
Symbol file LoadedFromMemory is not a mono symbol file
Symbol file data-0000024A7D2D4C40 doesn't match image C:\Users\brent\Documents\GitHub\Citrus-Hack\Grow-Your-Potential\Library\ScriptAssemblies\Unity.Rider.Editor.dll
Symbol file LoadedFromMemory is not a mono symbol file
Symbol file data-0000024A7D256C30 doesn't match image C:\Users\brent\Documents\GitHub\Citrus-Hack\Grow-Your-Potential\Library\ScriptAssemblies\UnityEngine.UI.dll
Symbol file LoadedFromMemory is not a mono symbol file
Symbol file data-0000024A7CC1C950 doesn't match image C:\Users\brent\Documents\GitHub\Citrus-Hack\Grow-Your-Potential\Library\ScriptAssemblies\Unity.Mathematics.dll
Symbol file LoadedFromMemory is not a mono symbol file
Symbol file data-0000024A79DA0850 doesn't match image C:\Users\brent\Documents\GitHub\Citrus-Hack\Grow-Your-Potential\Library\ScriptAssemblies\Unity.2D.IK.Runtime.dll
Symbol file LoadedFromMemory is not a mono symbol file
Symbol file data-0000024A7CD33020 doesn't match image C:\Users\brent\Documents\GitHub\Citrus-Hack\Grow-Your-Potential\Library\ScriptAssemblies\Unity.Services.Core.Editor.dll
Symbol file LoadedFromMemory is not a mono symbol file
Symbol file data-0000024A7D341020 doesn't match image C:\Users\brent\Documents\GitHub\Citrus-Hack\Grow-Your-Potential\Library\ScriptAssemblies\Unity.2D.Animation.Triangle.Runtime.dll
Symbol file LoadedFromMemory is not a mono symbol file
Symbol file data-0000024A7D4FA640 doesn't match image C:\Users\brent\Documents\GitHub\Citrus-Hack\Grow-Your-Potential\Library\ScriptAssemblies\Unity.2D.Animation.Runtime.dll
Symbol file LoadedFromMemory is not a mono symbol file
Symbol file data-0000024A7CC92040 doesn't match image C:\Users\brent\Documents\GitHub\Citrus-Hack\Grow-Your-Potential\Library\ScriptAssemblies\Unity.2D.PixelPerfect.Editor.dll
Symbol file LoadedFromMemory is not a mono symbol file
Symbol file data-0000024A7D341020 doesn't match image C:\Users\brent\Documents\GitHub\Citrus-Hack\Grow-Your-Potential\Library\ScriptAssemblies\Unity.Timeline.Editor.dll
Symbol file LoadedFromMemory is not a mono symbol file
Symbol file data-0000024A7D369630 doesn't match image C:\Users\brent\Documents\GitHub\Citrus-Hack\Grow-Your-Potential\Library\ScriptAssemblies\Unity.CollabProxy.Editor.dll
Symbol file LoadedFromMemory is not a mono symbol file
Symbol file data-0000024A7E594A00 doesn't match image C:\Users\brent\Documents\GitHub\Citrus-Hack\Grow-Your-Potential\Library\ScriptAssemblies\Unity.Mathematics.Editor.dll
Symbol file LoadedFromMemory is not a mono symbol file
Symbol file data-0000024A79CCAC90 doesn't match image C:\Users\brent\Documents\GitHub\Citrus-Hack\Grow-Your-Potential\Library\ScriptAssemblies\Unity.2D.Common.Runtime.dll
Symbol file LoadedFromMemory is not a mono symbol file
Symbol file data-0000024A7C820010 doesn't match image C:\Users\brent\Documents\GitHub\Citrus-Hack\Grow-Your-Potential\Library\ScriptAssemblies\Unity.2D.SpriteShape.Editor.dll
Symbol file LoadedFromMemory is not a mono symbol file
Symbol file data-0000024A7D284840 doesn't match image C:\Users\brent\Documents\GitHub\Citrus-Hack\Grow-Your-Potential\Library\ScriptAssemblies\Unity.2D.Common.Editor.dll
Symbol file LoadedFromMemory is not a mono symbol file
Symbol file data-0000024A7C852EF0 doesn't match image C:\Users\brent\Documents\GitHub\Citrus-Hack\Grow-Your-Potential\Library\ScriptAssemblies\Unity.2D.SpriteShape.Runtime.dll
Symbol file LoadedFromMemory is not a mono symbol file
Native extension for WindowsStandalone target not found
Refreshing native plugins compatible for Editor in 30.73 ms, found 3 plugins.
Preloading 0 native plugins for Editor in 0.00 ms.
Mono: successfully reloaded assembly
- Completed reload, in  0.762 seconds
Domain Reload Profiling:
	ReloadAssembly (763ms)
		BeginReloadAssembly (97ms)
			ExecutionOrderSort (0ms)
			DisableScriptedObjects (3ms)
			BackupInstance (0ms)
			ReleaseScriptingObjects (0ms)
			CreateAndSetChildDomain (15ms)
		EndReloadAssembly (621ms)
			LoadAssemblies (67ms)
			RebuildTransferFunctionScriptingTraits (0ms)
			SetupTypeCache (187ms)
			ReleaseScriptCaches (1ms)
			RebuildScriptCaches (29ms)
			SetupLoadedEditorAssemblies (264ms)
				LogAssemblyErrors (0ms)
				InitializePlatformSupportModulesInManaged (3ms)
				SetLoadedEditorAssemblies (0ms)
				RefreshPlugins (31ms)
				BeforeProcessingInitializeOnLoad (59ms)
				ProcessInitializeOnLoadAttributes (153ms)
				ProcessInitializeOnLoadMethodAttributes (11ms)
				AfterProcessingInitializeOnLoad (7ms)
				EditorAssembliesLoaded (0ms)
			ExecutionOrderSort2 (0ms)
			AwakeInstancesAfterBackupRestoration (4ms)
Platform modules already initialized, skipping
========================================================================
Worker process is ready to serve import requests
Launched and connected shader compiler UnityShaderCompiler.exe after 0.04 seconds
Refreshing native plugins compatible for Editor in 0.51 ms, found 3 plugins.
Preloading 0 native plugins for Editor in 0.00 ms.
Unloading 2186 Unused Serialized files (Serialized files now loaded: 0)
System memory in use before: 95.5 MB.
System memory in use after: 95.6 MB.

Unloading 28 unused Assets to reduce memory usage. Loaded Objects now: 2620.
Total: 2.880200 ms (FindLiveObjects: 0.223100 ms CreateObjectMapping: 0.088000 ms MarkObjects: 2.513800 ms  DeleteObjects: 0.054400 ms)

AssetImportParameters requested are different than current active one (requested -> active):
  custom:framework-win-MediaFoundation: 216162199b28c13a410421893ffa2e32 -> 
  custom:video-decoder-ogg-theora: a1e56fd34408186e4bbccfd4996cb3dc -> 
  custom:container-muxer-webm: aa71ff27fc2769a1b78a27578f13a17b -> 
  custom:container-demuxer-webm: 4f35f7cbe854078d1ac9338744f61a02 -> 
  custom:container-demuxer-ogg: 62fdf1f143b41e24485cea50d1cbac27 -> 
  custom:video-encoder-webm-vp8: eb34c28f22e8b96e1ab97ce403110664 -> 
  custom:video-decoder-webm-vp8: 9c59270c3fd7afecdb556c50c9e8de78 -> 
  custom:audio-decoder-ogg-vorbis: bf7c407c2cedff20999df2af8eb42d56 -> 
  custom:audio-encoder-webm-vorbis: bf7c407c2cedff20999df2af8eb42d56 -> 
========================================================================
Received Import Request.
  path: Assets/Scripts
  artifactKey: Guid(7dfc561d7d3268d439814d45333d13de) Importer(815301076,1909f56bfc062723c751e8b465ee728b)
Start importing Assets/Scripts using Guid(7dfc561d7d3268d439814d45333d13de) Importer(815301076,1909f56bfc062723c751e8b465ee728b)  -> (artifact id: '392afdf2dd20fd4880ae8b52ea7d223d') in 0.005933 seconds 
  Import took 0.008470 seconds .

========================================================================
Received Import Request.
  Time since last request: 22.999074 seconds.
  path: Assets/Scripts/PlayerMovement.cs
  artifactKey: Guid(44a86e7e0aee52e4caff465a4f0d7a7b) Importer(815301076,1909f56bfc062723c751e8b465ee728b)
Start importing Assets/Scripts/PlayerMovement.cs using Guid(44a86e7e0aee52e4caff465a4f0d7a7b) Importer(815301076,1909f56bfc062723c751e8b465ee728b)  -> (artifact id: '06dd5b508fb20049ea0c0fe7082c9459') in 0.015363 seconds 
  Import took 0.018364 seconds .

========================================================================
Received Prepare
Registering precompiled user dll's ...
Registered in 0.004505 seconds.
Begin MonoManager ReloadAssembly
Symbol file data-00000248E0596010 doesn't match image C:\Users\brent\Documents\GitHub\Citrus-Hack\Grow-Your-Potential\Library\ScriptAssemblies\Unity.2D.Animation.Editor.dll
Symbol file LoadedFromMemory is not a mono symbol file
Symbol file data-00000248E253F9C0 doesn't match image C:\Users\brent\Documents\GitHub\Citrus-Hack\Grow-Your-Potential\Library\ScriptAssemblies\Unity.InternalAPIEngineBridge.001.dll
Symbol file LoadedFromMemory is not a mono symbol file
Symbol file data-00000248E2544B90 doesn't match image C:\Users\brent\Documents\GitHub\Citrus-Hack\Grow-Your-Potential\Library\ScriptAssemblies\Unity.VSCode.Editor.dll
Symbol file LoadedFromMemory is not a mono symbol file
Symbol file data-0000024A7CC09060 doesn't match image C:\Users\brent\Documents\GitHub\Citrus-Hack\Grow-Your-Potential\Library\ScriptAssemblies\Unity.2D.PixelPerfect.dll
Symbol file LoadedFromMemory is not a mono symbol file
Symbol file data-00000248E183C190 doesn't match image C:\Users\brent\Documents\GitHub\Citrus-Hack\Grow-Your-Potential\Library\ScriptAssemblies\Unity.2D.Tilemap.Editor.dll
Symbol file LoadedFromMemory is not a mono symbol file
Symbol file data-00000248E25738E0 doesn't match image C:\Users\brent\Documents\GitHub\Citrus-Hack\Grow-Your-Potential\Library\ScriptAssemblies\PsdPlugin.dll
Symbol file LoadedFromMemory is not a mono symbol file
Symbol file data-00000248E183C190 doesn't match image C:\Users\brent\Documents\GitHub\Citrus-Hack\Grow-Your-Potential\Library\ScriptAssemblies\Unity.TextMeshPro.Editor.dll
Symbol file LoadedFromMemory is not a mono symbol file
Symbol file data-0000024A7E284030 doesn't match image C:\Users\brent\Documents\GitHub\Citrus-Hack\Grow-Your-Potential\Library\ScriptAssemblies\Unity.VisualStudio.Editor.dll
Symbol file LoadedFromMemory is not a mono symbol file
Symbol file data-0000024A7E9153F0 doesn't match image C:\Users\brent\Documents\GitHub\Citrus-Hack\Grow-Your-Potential\Library\ScriptAssemblies\UnityEngine.TestRunner.dll
Symbol file LoadedFromMemory is not a mono symbol file
Symbol file data-00000248E183C190 doesn't match image C:\Users\brent\Documents\GitHub\Citrus-Hack\Grow-Your-Potential\Library\ScriptAssemblies\Unity.Timeline.dll
Symbol file LoadedFromMemory is not a mono symbol file
Symbol file data-00000248E0596010 doesn't match image C:\Users\brent\Documents\GitHub\Citrus-Hack\Grow-Your-Potential\Library\ScriptAssemblies\Unity.TextMeshPro.dll
Symbol file LoadedFromMemory is not a mono symbol file
Symbol file data-00000248E04AA010 doesn't match image C:\Users\brent\Documents\GitHub\Citrus-Hack\Grow-Your-Potential\Library\ScriptAssemblies\UnityEditor.TestRunner.dll
Symbol file LoadedFromMemory is not a mono symbol file
Symbol file data-00000248E1D3F830 doesn't match image C:\Users\brent\Documents\GitHub\Citrus-Hack\Grow-Your-Potential\Library\ScriptAssemblies\Unity.2D.IK.Editor.dll
Symbol file LoadedFromMemory is not a mono symbol file
Symbol file data-0000024A7DDDB230 doesn't match image C:\Users\brent\Documents\GitHub\Citrus-Hack\Grow-Your-Potential\Library\ScriptAssemblies\Unity.2D.Sprite.Editor.dll
Symbol file LoadedFromMemory is not a mono symbol file
Symbol file data-0000024A7E284030 doesn't match image C:\Users\brent\Documents\GitHub\Citrus-Hack\Grow-Your-Potential\Library\ScriptAssemblies\Unity.2D.Psdimporter.Editor.dll
Symbol file LoadedFromMemory is not a mono symbol file
Symbol file data-00000248E25738E0 doesn't match image C:\Users\brent\Documents\GitHub\Citrus-Hack\Grow-Your-Potential\Library\ScriptAssemblies\Unity.2D.Path.Editor.dll
Symbol file LoadedFromMemory is not a mono symbol file
Symbol file data-00000248E1F47460 doesn't match image C:\Users\brent\Documents\GitHub\Citrus-Hack\Grow-Your-Potential\Library\ScriptAssemblies\Unity.InternalAPIEditorBridge.001.dll
Symbol file LoadedFromMemory is not a mono symbol file
Symbol file data-0000024A79BEA150 doesn't match image C:\Users\brent\Documents\GitHub\Citrus-Hack\Grow-Your-Potential\Library\ScriptAssemblies\UnityEditor.UI.dll
Symbol file LoadedFromMemory is not a mono symbol file
Symbol file data-0000024A7D3E9020 doesn't match image C:\Users\brent\Documents\GitHub\Citrus-Hack\Grow-Your-Potential\Library\ScriptAssemblies\Unity.PlasticSCM.Editor.dll
Symbol file LoadedFromMemory is not a mono symbol file
Symbol file data-0000024A7CD33020 doesn't match image C:\Users\brent\Documents\GitHub\Citrus-Hack\Grow-Your-Potential\Library\ScriptAssemblies\Unity.Rider.Editor.dll
Symbol file LoadedFromMemory is not a mono symbol file
Symbol file data-00000248E01D8010 doesn't match image C:\Users\brent\Documents\GitHub\Citrus-Hack\Grow-Your-Potential\Library\ScriptAssemblies\UnityEngine.UI.dll
Symbol file LoadedFromMemory is not a mono symbol file
Symbol file data-0000024A7CC1C950 doesn't match image C:\Users\brent\Documents\GitHub\Citrus-Hack\Grow-Your-Potential\Library\ScriptAssemblies\Unity.Mathematics.dll
Symbol file LoadedFromMemory is not a mono symbol file
Symbol file data-00000248E1D3F830 doesn't match image C:\Users\brent\Documents\GitHub\Citrus-Hack\Grow-Your-Potential\Library\ScriptAssemblies\Unity.2D.IK.Runtime.dll
Symbol file LoadedFromMemory is not a mono symbol file
Symbol file data-0000024A7CD33020 doesn't match image C:\Users\brent\Documents\GitHub\Citrus-Hack\Grow-Your-Potential\Library\ScriptAssemblies\Unity.Services.Core.Editor.dll
Symbol file LoadedFromMemory is not a mono symbol file
Symbol file data-00000248E1860010 doesn't match image C:\Users\brent\Documents\GitHub\Citrus-Hack\Grow-Your-Potential\Library\ScriptAssemblies\Unity.2D.Animation.Triangle.Runtime.dll
Symbol file LoadedFromMemory is not a mono symbol file
Symbol file data-0000024A79C555C0 doesn't match image C:\Users\brent\Documents\GitHub\Citrus-Hack\Grow-Your-Potential\Library\ScriptAssemblies\Unity.2D.Animation.Runtime.dll
Symbol file LoadedFromMemory is not a mono symbol file
Symbol file data-0000024A79BA6FE0 doesn't match image C:\Users\brent\Documents\GitHub\Citrus-Hack\Grow-Your-Potential\Library\ScriptAssemblies\Unity.2D.PixelPerfect.Editor.dll
Symbol file LoadedFromMemory is not a mono symbol file
Symbol file data-0000024A7D395020 doesn't match image C:\Users\brent\Documents\GitHub\Citrus-Hack\Grow-Your-Potential\Library\ScriptAssemblies\Unity.Timeline.Editor.dll
Symbol file LoadedFromMemory is not a mono symbol file
Symbol file data-00000248E1B7C020 doesn't match image C:\Users\brent\Documents\GitHub\Citrus-Hack\Grow-Your-Potential\Library\ScriptAssemblies\Unity.CollabProxy.Editor.dll
Symbol file LoadedFromMemory is not a mono symbol file
Symbol file data-0000024A79B0A850 doesn't match image C:\Users\brent\Documents\GitHub\Citrus-Hack\Grow-Your-Potential\Library\ScriptAssemblies\Unity.Mathematics.Editor.dll
Symbol file LoadedFromMemory is not a mono symbol file
Symbol file data-00000248E259D6F0 doesn't match image C:\Users\brent\Documents\GitHub\Citrus-Hack\Grow-Your-Potential\Library\ScriptAssemblies\Unity.2D.Common.Runtime.dll
Symbol file LoadedFromMemory is not a mono symbol file
Symbol file data-0000024A7C820010 doesn't match image C:\Users\brent\Documents\GitHub\Citrus-Hack\Grow-Your-Potential\Library\ScriptAssemblies\Unity.2D.SpriteShape.Editor.dll
Symbol file LoadedFromMemory is not a mono symbol file
Symbol file data-00000248E1D3F830 doesn't match image C:\Users\brent\Documents\GitHub\Citrus-Hack\Grow-Your-Potential\Library\ScriptAssemblies\Unity.2D.Common.Editor.dll
Symbol file LoadedFromMemory is not a mono symbol file
Symbol file data-00000248E183C190 doesn't match image C:\Users\brent\Documents\GitHub\Citrus-Hack\Grow-Your-Potential\Library\ScriptAssemblies\Unity.2D.SpriteShape.Runtime.dll
Symbol file LoadedFromMemory is not a mono symbol file
Native extension for WindowsStandalone target not found
Refreshing native plugins compatible for Editor in 0.50 ms, found 3 plugins.
Preloading 0 native plugins for Editor in 0.00 ms.
Mono: successfully reloaded assembly
- Completed reload, in  0.690 seconds
Domain Reload Profiling:
	ReloadAssembly (690ms)
		BeginReloadAssembly (98ms)
			ExecutionOrderSort (0ms)
			DisableScriptedObjects (5ms)
			BackupInstance (0ms)
			ReleaseScriptingObjects (0ms)
			CreateAndSetChildDomain (30ms)
		EndReloadAssembly (547ms)
			LoadAssemblies (67ms)
			RebuildTransferFunctionScriptingTraits (0ms)
			SetupTypeCache (181ms)
			ReleaseScriptCaches (1ms)
			RebuildScriptCaches (26ms)
			SetupLoadedEditorAssemblies (212ms)
				LogAssemblyErrors (0ms)
				InitializePlatformSupportModulesInManaged (4ms)
				SetLoadedEditorAssemblies (0ms)
				RefreshPlugins (1ms)
				BeforeProcessingInitializeOnLoad (62ms)
				ProcessInitializeOnLoadAttributes (132ms)
				ProcessInitializeOnLoadMethodAttributes (8ms)
				AfterProcessingInitializeOnLoad (6ms)
				EditorAssembliesLoaded (0ms)
			ExecutionOrderSort2 (0ms)
			AwakeInstancesAfterBackupRestoration (6ms)
Platform modules already initialized, skipping
Refreshing native plugins compatible for Editor in 0.43 ms, found 3 plugins.
Preloading 0 native plugins for Editor in 0.00 ms.
Unloading 2176 Unused Serialized files (Serialized files now loaded: 0)
System memory in use before: 94.9 MB.
System memory in use after: 95.0 MB.

Unloading 17 unused Assets to reduce memory usage. Loaded Objects now: 2624.
Total: 3.265800 ms (FindLiveObjects: 0.193700 ms CreateObjectMapping: 0.068100 ms MarkObjects: 2.984900 ms  DeleteObjects: 0.018300 ms)

AssetImportParameters requested are different than current active one (requested -> active):
  custom:framework-win-MediaFoundation: 216162199b28c13a410421893ffa2e32 -> 
  custom:video-decoder-ogg-theora: a1e56fd34408186e4bbccfd4996cb3dc -> 
  custom:container-muxer-webm: aa71ff27fc2769a1b78a27578f13a17b -> 
  custom:container-demuxer-webm: 4f35f7cbe854078d1ac9338744f61a02 -> 
  custom:container-demuxer-ogg: 62fdf1f143b41e24485cea50d1cbac27 -> 
  custom:video-encoder-webm-vp8: eb34c28f22e8b96e1ab97ce403110664 -> 
  custom:video-decoder-webm-vp8: 9c59270c3fd7afecdb556c50c9e8de78 -> 
  custom:audio-decoder-ogg-vorbis: bf7c407c2cedff20999df2af8eb42d56 -> 
  custom:audio-encoder-webm-vorbis: bf7c407c2cedff20999df2af8eb42d56 -> 
========================================================================
Received Import Request.
  Time since last request: 224.039585 seconds.
  path: Assets/Scripts/PlayerMovement.cs
  artifactKey: Guid(44a86e7e0aee52e4caff465a4f0d7a7b) Importer(815301076,1909f56bfc062723c751e8b465ee728b)
Start importing Assets/Scripts/PlayerMovement.cs using Guid(44a86e7e0aee52e4caff465a4f0d7a7b) Importer(815301076,1909f56bfc062723c751e8b465ee728b)  -> (artifact id: '2c74806298a7fda1690b252fd64ec519') in 0.006082 seconds 
  Import took 0.009328 seconds .

========================================================================
Received Prepare
Registering precompiled user dll's ...
Registered in 0.004220 seconds.
Begin MonoManager ReloadAssembly
Symbol file data-00000248E0596010 doesn't match image C:\Users\brent\Documents\GitHub\Citrus-Hack\Grow-Your-Potential\Library\ScriptAssemblies\Unity.2D.Animation.Editor.dll
Symbol file LoadedFromMemory is not a mono symbol file
Symbol file data-00000248E22304A0 doesn't match image C:\Users\brent\Documents\GitHub\Citrus-Hack\Grow-Your-Potential\Library\ScriptAssemblies\Unity.InternalAPIEngineBridge.001.dll
Symbol file LoadedFromMemory is not a mono symbol file
Symbol file data-00000248E2C30FB0 doesn't match image C:\Users\brent\Documents\GitHub\Citrus-Hack\Grow-Your-Potential\Library\ScriptAssemblies\Unity.VSCode.Editor.dll
Symbol file LoadedFromMemory is not a mono symbol file
Symbol file data-00000248E1B87630 doesn't match image C:\Users\brent\Documents\GitHub\Citrus-Hack\Grow-Your-Potential\Library\ScriptAssemblies\Unity.2D.PixelPerfect.dll
Symbol file LoadedFromMemory is not a mono symbol file
Symbol file data-00000248E0DC1010 doesn't match image C:\Users\brent\Documents\GitHub\Citrus-Hack\Grow-Your-Potential\Library\ScriptAssemblies\Unity.2D.Tilemap.Editor.dll
Symbol file LoadedFromMemory is not a mono symbol file
Symbol file data-0000024A7E168020 doesn't match image C:\Users\brent\Documents\GitHub\Citrus-Hack\Grow-Your-Potential\Library\ScriptAssemblies\PsdPlugin.dll
Symbol file LoadedFromMemory is not a mono symbol file
Symbol file data-00000248E183C190 doesn't match image C:\Users\brent\Documents\GitHub\Citrus-Hack\Grow-Your-Potential\Library\ScriptAssemblies\Unity.TextMeshPro.Editor.dll
Symbol file LoadedFromMemory is not a mono symbol file
Symbol file data-0000024A7C820010 doesn't match image C:\Users\brent\Documents\GitHub\Citrus-Hack\Grow-Your-Potential\Library\ScriptAssemblies\Unity.VisualStudio.Editor.dll
Symbol file LoadedFromMemory is not a mono symbol file
Symbol file data-00000248E0DDE380 doesn't match image C:\Users\brent\Documents\GitHub\Citrus-Hack\Grow-Your-Potential\Library\ScriptAssemblies\UnityEngine.TestRunner.dll
Symbol file LoadedFromMemory is not a mono symbol file
Symbol file data-00000248E0DC1010 doesn't match image C:\Users\brent\Documents\GitHub\Citrus-Hack\Grow-Your-Potential\Library\ScriptAssemblies\Unity.Timeline.dll
Symbol file LoadedFromMemory is not a mono symbol file
Symbol file data-00000248E0829020 doesn't match image C:\Users\brent\Documents\GitHub\Citrus-Hack\Grow-Your-Potential\Library\ScriptAssemblies\Unity.TextMeshPro.dll
Symbol file LoadedFromMemory is not a mono symbol file
Symbol file data-00000248E04AA010 doesn't match image C:\Users\brent\Documents\GitHub\Citrus-Hack\Grow-Your-Potential\Library\ScriptAssemblies\UnityEditor.TestRunner.dll
Symbol file LoadedFromMemory is not a mono symbol file
Symbol file data-00000248E197B820 doesn't match image C:\Users\brent\Documents\GitHub\Citrus-Hack\Grow-Your-Potential\Library\ScriptAssemblies\Unity.2D.IK.Editor.dll
Symbol file LoadedFromMemory is not a mono symbol file
Symbol file data-00000248E183C190 doesn't match image C:\Users\brent\Documents\GitHub\Citrus-Hack\Grow-Your-Potential\Library\ScriptAssemblies\Unity.2D.Sprite.Editor.dll
Symbol file LoadedFromMemory is not a mono symbol file
Symbol file data-0000024A7C820010 doesn't match image C:\Users\brent\Documents\GitHub\Citrus-Hack\Grow-Your-Potential\Library\ScriptAssemblies\Unity.2D.Psdimporter.Editor.dll
Symbol file LoadedFromMemory is not a mono symbol file
Symbol file data-0000024A7CEF4030 doesn't match image C:\Users\brent\Documents\GitHub\Citrus-Hack\Grow-Your-Potential\Library\ScriptAssemblies\Unity.2D.Path.Editor.dll
Symbol file LoadedFromMemory is not a mono symbol file
Symbol file data-00000248E220F490 doesn't match image C:\Users\brent\Documents\GitHub\Citrus-Hack\Grow-Your-Potential\Library\ScriptAssemblies\Unity.InternalAPIEditorBridge.001.dll
Symbol file LoadedFromMemory is not a mono symbol file
Symbol file data-0000024A7C820010 doesn't match image C:\Users\brent\Documents\GitHub\Citrus-Hack\Grow-Your-Potential\Library\ScriptAssemblies\UnityEditor.UI.dll
Symbol file LoadedFromMemory is not a mono symbol file
Symbol file data-00000248E078B030 doesn't match image C:\Users\brent\Documents\GitHub\Citrus-Hack\Grow-Your-Potential\Library\ScriptAssemblies\Unity.PlasticSCM.Editor.dll
Symbol file LoadedFromMemory is not a mono symbol file
Symbol file data-0000024A7CD33020 doesn't match image C:\Users\brent\Documents\GitHub\Citrus-Hack\Grow-Your-Potential\Library\ScriptAssemblies\Unity.Rider.Editor.dll
Symbol file LoadedFromMemory is not a mono symbol file
Symbol file data-0000024A7E6C0010 doesn't match image C:\Users\brent\Documents\GitHub\Citrus-Hack\Grow-Your-Potential\Library\ScriptAssemblies\UnityEngine.UI.dll
Symbol file LoadedFromMemory is not a mono symbol file
Symbol file data-0000024A7CC1C8A0 doesn't match image C:\Users\brent\Documents\GitHub\Citrus-Hack\Grow-Your-Potential\Library\ScriptAssemblies\Unity.Mathematics.dll
Symbol file LoadedFromMemory is not a mono symbol file
Symbol file data-00000248E197B820 doesn't match image C:\Users\brent\Documents\GitHub\Citrus-Hack\Grow-Your-Potential\Library\ScriptAssemblies\Unity.2D.IK.Runtime.dll
Symbol file LoadedFromMemory is not a mono symbol file
Symbol file data-0000024A7CD33020 doesn't match image C:\Users\brent\Documents\GitHub\Citrus-Hack\Grow-Your-Potential\Library\ScriptAssemblies\Unity.Services.Core.Editor.dll
Symbol file LoadedFromMemory is not a mono symbol file
Symbol file data-0000024A79C0C010 doesn't match image C:\Users\brent\Documents\GitHub\Citrus-Hack\Grow-Your-Potential\Library\ScriptAssemblies\Unity.2D.Animation.Triangle.Runtime.dll
Symbol file LoadedFromMemory is not a mono symbol file
Symbol file data-0000024A79B598D0 doesn't match image C:\Users\brent\Documents\GitHub\Citrus-Hack\Grow-Your-Potential\Library\ScriptAssemblies\Unity.2D.Animation.Runtime.dll
Symbol file LoadedFromMemory is not a mono symbol file
Symbol file data-0000024A7E6AD700 doesn't match image C:\Users\brent\Documents\GitHub\Citrus-Hack\Grow-Your-Potential\Library\ScriptAssemblies\Unity.2D.PixelPerfect.Editor.dll
Symbol file LoadedFromMemory is not a mono symbol file
Symbol file data-0000024A7D395020 doesn't match image C:\Users\brent\Documents\GitHub\Citrus-Hack\Grow-Your-Potential\Library\ScriptAssemblies\Unity.Timeline.Editor.dll
Symbol file LoadedFromMemory is not a mono symbol file
Symbol file data-00000248E0DC1010 doesn't match image C:\Users\brent\Documents\GitHub\Citrus-Hack\Grow-Your-Potential\Library\ScriptAssemblies\Unity.CollabProxy.Editor.dll
Symbol file LoadedFromMemory is not a mono symbol file
Symbol file data-0000024A79B0A850 doesn't match image C:\Users\brent\Documents\GitHub\Citrus-Hack\Grow-Your-Potential\Library\ScriptAssemblies\Unity.Mathematics.Editor.dll
Symbol file LoadedFromMemory is not a mono symbol file
Symbol file data-0000024A7CD98D40 doesn't match image C:\Users\brent\Documents\GitHub\Citrus-Hack\Grow-Your-Potential\Library\ScriptAssemblies\Unity.2D.Common.Runtime.dll
Symbol file LoadedFromMemory is not a mono symbol file
Symbol file data-0000024A7C820010 doesn't match image C:\Users\brent\Documents\GitHub\Citrus-Hack\Grow-Your-Potential\Library\ScriptAssemblies\Unity.2D.SpriteShape.Editor.dll
Symbol file LoadedFromMemory is not a mono symbol file
Symbol file data-00000248E197B820 doesn't match image C:\Users\brent\Documents\GitHub\Citrus-Hack\Grow-Your-Potential\Library\ScriptAssemblies\Unity.2D.Common.Editor.dll
Symbol file LoadedFromMemory is not a mono symbol file
Symbol file data-00000248E0DC1010 doesn't match image C:\Users\brent\Documents\GitHub\Citrus-Hack\Grow-Your-Potential\Library\ScriptAssemblies\Unity.2D.SpriteShape.Runtime.dll
Symbol file LoadedFromMemory is not a mono symbol file
Native extension for WindowsStandalone target not found
Refreshing native plugins compatible for Editor in 0.51 ms, found 3 plugins.
Preloading 0 native plugins for Editor in 0.00 ms.
Mono: successfully reloaded assembly
- Completed reload, in  0.807 seconds
Domain Reload Profiling:
	ReloadAssembly (808ms)
		BeginReloadAssembly (111ms)
			ExecutionOrderSort (0ms)
			DisableScriptedObjects (5ms)
			BackupInstance (0ms)
			ReleaseScriptingObjects (0ms)
			CreateAndSetChildDomain (35ms)
		EndReloadAssembly (599ms)
			LoadAssemblies (84ms)
			RebuildTransferFunctionScriptingTraits (0ms)
			SetupTypeCache (195ms)
			ReleaseScriptCaches (1ms)
			RebuildScriptCaches (27ms)
			SetupLoadedEditorAssemblies (231ms)
				LogAssemblyErrors (0ms)
				InitializePlatformSupportModulesInManaged (4ms)
				SetLoadedEditorAssemblies (0ms)
				RefreshPlugins (1ms)
				BeforeProcessingInitializeOnLoad (67ms)
				ProcessInitializeOnLoadAttributes (144ms)
				ProcessInitializeOnLoadMethodAttributes (8ms)
				AfterProcessingInitializeOnLoad (7ms)
				EditorAssembliesLoaded (0ms)
			ExecutionOrderSort2 (0ms)
			AwakeInstancesAfterBackupRestoration (7ms)
Platform modules already initialized, skipping
Refreshing native plugins compatible for Editor in 0.46 ms, found 3 plugins.
Preloading 0 native plugins for Editor in 0.00 ms.
Unloading 2176 Unused Serialized files (Serialized files now loaded: 0)
System memory in use before: 95.0 MB.
System memory in use after: 95.1 MB.

Unloading 17 unused Assets to reduce memory usage. Loaded Objects now: 2627.
Total: 3.014900 ms (FindLiveObjects: 0.263900 ms CreateObjectMapping: 0.112400 ms MarkObjects: 2.620700 ms  DeleteObjects: 0.017000 ms)

AssetImportParameters requested are different than current active one (requested -> active):
  custom:framework-win-MediaFoundation: 216162199b28c13a410421893ffa2e32 -> 
  custom:video-decoder-ogg-theora: a1e56fd34408186e4bbccfd4996cb3dc -> 
  custom:container-muxer-webm: aa71ff27fc2769a1b78a27578f13a17b -> 
  custom:container-demuxer-webm: 4f35f7cbe854078d1ac9338744f61a02 -> 
  custom:container-demuxer-ogg: 62fdf1f143b41e24485cea50d1cbac27 -> 
  custom:video-encoder-webm-vp8: eb34c28f22e8b96e1ab97ce403110664 -> 
  custom:video-decoder-webm-vp8: 9c59270c3fd7afecdb556c50c9e8de78 -> 
  custom:audio-decoder-ogg-vorbis: bf7c407c2cedff20999df2af8eb42d56 -> 
  custom:audio-encoder-webm-vorbis: bf7c407c2cedff20999df2af8eb42d56 -> 
AssetImportWorkerClient::OnTransportError - code=2 error=End of file
